<?xml version="1.0" encoding="UTF-8"?>
<robot generator="Robot 5.0.1 (Python 3.9.0 on win32)" generated="20220702 17:25:13.400" rpa="false" schemaversion="3">
<suite id="s1" name="Tram" source="C:\Users\Sergiusz\PycharmProjects\tram\tram.robot">
<test id="s1-t1" name="Opening and checking current weather on the webpage" line="27">
<kw name="Prepare Env">
<kw name="Set Selenium Speed" library="SeleniumLibrary">
<arg>1.2</arg>
<doc>Sets the delay that is waited after each Selenium command.</doc>
<status status="PASS" starttime="20220702 17:25:13.524" endtime="20220702 17:25:13.524"/>
</kw>
<kw name="Set Screenshot Directory" library="SeleniumLibrary">
<arg>Screenshots</arg>
<doc>Sets the directory for captured screenshots.</doc>
<status status="PASS" starttime="20220702 17:25:13.524" endtime="20220702 17:25:13.525"/>
</kw>
<status status="PASS" starttime="20220702 17:25:13.524" endtime="20220702 17:25:13.525"/>
</kw>
<kw name="Start Test">
<kw name="Log" library="BuiltIn">
<arg>Test begins.</arg>
<doc>Logs the given message with the given level.</doc>
<msg timestamp="20220702 17:25:13.525" level="INFO">Test begins.</msg>
<status status="PASS" starttime="20220702 17:25:13.525" endtime="20220702 17:25:13.525"/>
</kw>
<kw name="Open Browser" library="SeleniumLibrary">
<arg>https://www.wtp.waw.pl/rozklady-jazdy/</arg>
<arg>chrome</arg>
<doc>Opens a new browser instance to the optional ``url``.</doc>
<msg timestamp="20220702 17:25:13.525" level="INFO">Opening browser 'chrome' to base url 'https://www.wtp.waw.pl/rozklady-jazdy/'.</msg>
<status status="PASS" starttime="20220702 17:25:13.525" endtime="20220702 17:25:16.664"/>
</kw>
<status status="PASS" starttime="20220702 17:25:13.525" endtime="20220702 17:25:16.664"/>
</kw>
<kw name="Click Element" library="SeleniumLibrary">
<arg>${Cookie_Close}</arg>
<doc>Click the element identified by ``locator``.</doc>
<msg timestamp="20220702 17:25:16.664" level="INFO">Clicking element 'css:.page-consent-button'.</msg>
<status status="PASS" starttime="20220702 17:25:16.664" endtime="20220702 17:25:19.109"/>
</kw>
<kw name="Click Element" library="SeleniumLibrary">
<arg>${Twenty_Six}</arg>
<doc>Click the element identified by ``locator``.</doc>
<msg timestamp="20220702 17:25:19.109" level="INFO">Clicking element 'css:#tram &gt; ul:nth-child(2) &gt; li:nth-child(1) &gt; ul:nth-child(1) &gt; li:nth-child(20) &gt; a:nth-child(1) &gt; span:nth-child(2)'.</msg>
<status status="PASS" starttime="20220702 17:25:19.109" endtime="20220702 17:25:21.781"/>
</kw>
<kw name="Click Element" library="SeleniumLibrary">
<arg>${Direction_Wiatraczna}</arg>
<doc>Click the element identified by ``locator``.</doc>
<msg timestamp="20220702 17:25:21.781" level="INFO">Clicking element 'css:a.timetable-link:nth-child(2)'.</msg>
<status status="PASS" starttime="20220702 17:25:21.781" endtime="20220702 17:25:24.410"/>
</kw>
<kw name="Click Element" library="SeleniumLibrary">
<arg>${Station_Wola_Ratusz}</arg>
<doc>Click the element identified by ``locator``.</doc>
<msg timestamp="20220702 17:25:24.410" level="INFO">Clicking element 'css:.timetable-route-street:nth-child(10) .timetable-route-stop:nth-child(3) span'.</msg>
<status status="PASS" starttime="20220702 17:25:24.410" endtime="20220702 17:25:27.045"/>
</kw>
<kw name="Capture Page Screenshot" library="SeleniumLibrary">
<arg>TranSchedulerobot.png</arg>
<doc>Takes a screenshot of the current page and embeds it into a log file.</doc>
<msg timestamp="20220702 17:25:28.405" level="INFO" html="true">&lt;/td&gt;&lt;/tr&gt;&lt;tr&gt;&lt;td colspan="3"&gt;&lt;a href="Screenshots/TranSchedulerobot.png"&gt;&lt;img src="Screenshots/TranSchedulerobot.png" width="800px"&gt;&lt;/a&gt;</msg>
<status status="PASS" starttime="20220702 17:25:27.045" endtime="20220702 17:25:28.405"/>
</kw>
<kw name="| | Log to console | hello, world.">
<msg timestamp="20220702 17:25:28.407" level="FAIL">No keyword with name '| | Log to console | hello, world.' found.</msg>
<status status="FAIL" starttime="20220702 17:25:28.407" endtime="20220702 17:25:28.407"/>
</kw>
<kw name="End Test">
<status status="NOT RUN" starttime="20220702 17:25:28.407" endtime="20220702 17:25:28.407"/>
</kw>
<status status="FAIL" starttime="20220702 17:25:13.524" endtime="20220702 17:25:28.408">No keyword with name '| | Log to console | hello, world.' found.</status>
</test>
<doc>A test suite for checking tram schedule.</doc>
<status status="FAIL" starttime="20220702 17:25:13.401" endtime="20220702 17:25:28.408"/>
</suite>
<statistics>
<total>
<stat pass="0" fail="1" skip="0">All Tests</stat>
</total>
<tag>
</tag>
<suite>
<stat pass="0" fail="1" skip="0" id="s1" name="Tram">Tram</stat>
</suite>
</statistics>
<errors>
</errors>
</robot>
